<?xml version="1.0" encoding="UTF-8" standalone="yes"?>
<ns2:test-suite start="1537389756606" stop="1537389764963" version="1.5.4" xmlns:ns2="urn:model.allure.qatools.yandex.ru">
    <name>Default Suite : test_task_larnas</name>
    <title>Default Suite : test_task_larnas</title>
    <test-cases>
        <test-case start="1537389763725" stop="1537389764156" status="broken">
            <name>compareSSDNotebooks</name>
            <failure>
                <message>NullPointerException: null</message>
                <stack-trace>java.lang.NullPointerException
                    at com.framework.pageObject.navigation.Navigation.chooseCategory(Navigation.java:41)
                    at com.framework.tests.comparison.CompareSSDLaptop.compareSSDNotebooks(CompareSSDLaptop.java:13)
                    at sun.reflect.NativeMethodAccessorImpl.invoke0(Native Method)
                    at sun.reflect.NativeMethodAccessorImpl.invoke(NativeMethodAccessorImpl.java:62)
                    at sun.reflect.DelegatingMethodAccessorImpl.invoke(DelegatingMethodAccessorImpl.java:43)
                    at java.lang.reflect.Method.invoke(Method.java:498)
                    at org.testng.internal.MethodInvocationHelper.invokeMethod(MethodInvocationHelper.java:84)
                    at org.testng.internal.Invoker.invokeMethod(Invoker.java:714)
                    at org.testng.internal.Invoker.invokeTestMethod(Invoker.java:901)
                    at org.testng.internal.Invoker.invokeTestMethods(Invoker.java:1231)
                    at org.testng.internal.TestMethodWorker.invokeTestMethods(TestMethodWorker.java:127)
                    at org.testng.internal.TestMethodWorker.run(TestMethodWorker.java:111)
                    at org.testng.TestRunner.privateRun(TestRunner.java:767)
                    at org.testng.TestRunner.run(TestRunner.java:617)
                    at org.testng.SuiteRunner.runTest(SuiteRunner.java:348)
                    at org.testng.SuiteRunner.runSequentially(SuiteRunner.java:343)
                    at org.testng.SuiteRunner.privateRun(SuiteRunner.java:305)
                    at org.testng.SuiteRunner.run(SuiteRunner.java:254)
                    at org.testng.SuiteRunnerWorker.runSuite(SuiteRunnerWorker.java:52)
                    at org.testng.SuiteRunnerWorker.run(SuiteRunnerWorker.java:86)
                    at org.testng.TestNG.runSuitesSequentially(TestNG.java:1224)
                    at org.testng.TestNG.runSuitesLocally(TestNG.java:1149)
                    at org.testng.TestNG.run(TestNG.java:1057)
                    at org.testng.IDEARemoteTestNG.run(IDEARemoteTestNG.java:72)
                    at org.testng.RemoteTestNGStarter.main(RemoteTestNGStarter.java:123)
                </stack-trace>
            </failure>
            <steps/>
            <attachments/>
            <labels>
                <label name="testSuite" value="Default Suite"/>
                <label name="testGroup" value="test_task_larnas"/>
                <label name="testClass" value="com.framework.tests.comparison.CompareSSDLaptop"/>
                <label name="testMethod" value="compareSSDNotebooks"/>
                <label name="host" value="ser1k-ПК"/>
                <label name="thread" value="5996@ser1k-ПК.main(1)"/>
            </labels>
        </test-case>
    </test-cases>
    <labels>
        <label name="framework" value="TestNG"/>
        <label name="language" value="JAVA"/>
    </labels>
</ns2:test-suite>
