<?xml version="1.0" encoding="UTF-8" standalone="yes"?>
<ns2:test-suite start="1537390798460" stop="1537390835929" version="1.5.4" xmlns:ns2="urn:model.allure.qatools.yandex.ru">
    <name>Default Suite : test_task_larnas</name>
    <title>Default Suite : test_task_larnas</title>
    <test-cases>
        <test-case start="1537390804538" stop="1537390834834" status="broken">
            <name>compareSSDNotebooks</name>
            <failure>
                <message>NoSuchElementException: Unable to locate element: https://rozetka.com.ua/notebooks/c80004/
For documentation on this error, please visit: http://seleniumhq.org/exceptions/no_such_element.html
Build info: version: '3.11.0', revision: 'e59cfb3', time: '2018-03-11T20:26:55.152Z'
System info: host: 'SER1K-ПК', ip: '192.168.0.100', os.name: 'Windows 7', os.arch: 'amd64', os.version: '6.1', java.version: '1.8.0_144'
Driver info: org.openqa.selenium.firefox.FirefoxDriver
Capabilities {acceptInsecureCerts: true, browserName: firefox, browserVersion: 56.0, javascriptEnabled: true, moz:accessibilityChecks: false, moz:headless: false, moz:processID: 8980, moz:profile: C:\Users\ser1k\AppData\Loca..., pageLoadStrategy: normal, platform: XP, platformName: XP, platformVersion: 6.1, rotatable: false, specificationLevel: 0, timeouts: {implicit: 0, pageLoad: 300000, script: 30000}}
Session ID: ce0f1517-edeb-402c-8151-ff90e4b01708
*** Element info: {Using=link text, value=https://rozetka.com.ua/notebooks/c80004/}</message>
                <stack-trace>org.openqa.selenium.NoSuchElementException: Unable to locate element:
                    https://rozetka.com.ua/notebooks/c80004/
                    For documentation on this error, please visit: http://seleniumhq.org/exceptions/no_such_element.html
                    Build info: version: '3.11.0', revision: 'e59cfb3', time: '2018-03-11T20:26:55.152Z'
                    System info: host: 'SER1K-ПК', ip: '192.168.0.100', os.name: 'Windows 7', os.arch: 'amd64',
                    os.version: '6.1', java.version: '1.8.0_144'
                    Driver info: org.openqa.selenium.firefox.FirefoxDriver
                    Capabilities {acceptInsecureCerts: true, browserName: firefox, browserVersion: 56.0,
                    javascriptEnabled: true, moz:accessibilityChecks: false, moz:headless: false, moz:processID: 8980,
                    moz:profile: C:\Users\ser1k\AppData\Loca..., pageLoadStrategy: normal, platform: XP, platformName:
                    XP, platformVersion: 6.1, rotatable: false, specificationLevel: 0, timeouts: {implicit: 0, pageLoad:
                    300000, script: 30000}}
                    Session ID: ce0f1517-edeb-402c-8151-ff90e4b01708
                    *** Element info: {Using=link text, value=https://rozetka.com.ua/notebooks/c80004/}
                    at sun.reflect.NativeConstructorAccessorImpl.newInstance0(Native Method)
                    at sun.reflect.NativeConstructorAccessorImpl.newInstance(NativeConstructorAccessorImpl.java:62)
                    at
                    sun.reflect.DelegatingConstructorAccessorImpl.newInstance(DelegatingConstructorAccessorImpl.java:45)
                    at java.lang.reflect.Constructor.newInstance(Constructor.java:423)
                    at
                    org.openqa.selenium.remote.http.W3CHttpResponseCodec.createException(W3CHttpResponseCodec.java:187)
                    at org.openqa.selenium.remote.http.W3CHttpResponseCodec.decode(W3CHttpResponseCodec.java:122)
                    at org.openqa.selenium.remote.http.W3CHttpResponseCodec.decode(W3CHttpResponseCodec.java:49)
                    at org.openqa.selenium.remote.HttpCommandExecutor.execute(HttpCommandExecutor.java:158)
                    at org.openqa.selenium.remote.service.DriverCommandExecutor.execute(DriverCommandExecutor.java:83)
                    at org.openqa.selenium.remote.RemoteWebDriver.execute(RemoteWebDriver.java:545)
                    at org.openqa.selenium.remote.RemoteWebDriver.findElement(RemoteWebDriver.java:319)
                    at org.openqa.selenium.remote.RemoteWebDriver.findElementByLinkText(RemoteWebDriver.java:373)
                    at org.openqa.selenium.By$ByLinkText.findElement(By.java:246)
                    at org.openqa.selenium.remote.RemoteWebDriver.findElement(RemoteWebDriver.java:311)
                    at
                    org.openqa.selenium.support.pagefactory.DefaultElementLocator.findElement(DefaultElementLocator.java:69)
                    at
                    org.openqa.selenium.support.pagefactory.internal.LocatingElementHandler.invoke(LocatingElementHandler.java:38)
                    at com.sun.proxy.$Proxy11.isDisplayed(Unknown Source)
                    at com.framework.pageObject.navigation.Navigation.openNotebooksPage(Navigation.java:65)
                    at com.framework.tests.comparison.CompareSSDLaptop.compareSSDNotebooks(CompareSSDLaptop.java:14)
                    at sun.reflect.NativeMethodAccessorImpl.invoke0(Native Method)
                    at sun.reflect.NativeMethodAccessorImpl.invoke(NativeMethodAccessorImpl.java:62)
                    at sun.reflect.DelegatingMethodAccessorImpl.invoke(DelegatingMethodAccessorImpl.java:43)
                    at java.lang.reflect.Method.invoke(Method.java:498)
                    at org.testng.internal.MethodInvocationHelper.invokeMethod(MethodInvocationHelper.java:84)
                    at org.testng.internal.Invoker.invokeMethod(Invoker.java:714)
                    at org.testng.internal.Invoker.invokeTestMethod(Invoker.java:901)
                    at org.testng.internal.Invoker.invokeTestMethods(Invoker.java:1231)
                    at org.testng.internal.TestMethodWorker.invokeTestMethods(TestMethodWorker.java:127)
                    at org.testng.internal.TestMethodWorker.run(TestMethodWorker.java:111)
                    at org.testng.TestRunner.privateRun(TestRunner.java:767)
                    at org.testng.TestRunner.run(TestRunner.java:617)
                    at org.testng.SuiteRunner.runTest(SuiteRunner.java:348)
                    at org.testng.SuiteRunner.runSequentially(SuiteRunner.java:343)
                    at org.testng.SuiteRunner.privateRun(SuiteRunner.java:305)
                    at org.testng.SuiteRunner.run(SuiteRunner.java:254)
                    at org.testng.SuiteRunnerWorker.runSuite(SuiteRunnerWorker.java:52)
                    at org.testng.SuiteRunnerWorker.run(SuiteRunnerWorker.java:86)
                    at org.testng.TestNG.runSuitesSequentially(TestNG.java:1224)
                    at org.testng.TestNG.runSuitesLocally(TestNG.java:1149)
                    at org.testng.TestNG.run(TestNG.java:1057)
                    at org.testng.IDEARemoteTestNG.run(IDEARemoteTestNG.java:72)
                    at org.testng.RemoteTestNGStarter.main(RemoteTestNGStarter.java:123)
                </stack-trace>
            </failure>
            <steps/>
            <attachments/>
            <labels>
                <label name="testSuite" value="Default Suite"/>
                <label name="testGroup" value="test_task_larnas"/>
                <label name="testClass" value="com.framework.tests.comparison.CompareSSDLaptop"/>
                <label name="testMethod" value="compareSSDNotebooks"/>
                <label name="host" value="ser1k-ПК"/>
                <label name="thread" value="7596@ser1k-ПК.main(1)"/>
            </labels>
        </test-case>
    </test-cases>
    <labels>
        <label name="framework" value="TestNG"/>
        <label name="language" value="JAVA"/>
    </labels>
</ns2:test-suite>
